<?xml version="1.0" encoding="UTF-8"?>
<!-- Generated by org.testng.reporters.JUnitXMLReporter -->
<testsuite ignored="2" hostname="Madhav" failures="0" tests="5" name="TestRun" time="23.137" errors="0" timestamp="2025-08-24T11:11:57 IST">
  <testcase classname="demotest.mainlogin" name="loginTest" time="7.452"/>
  <testcase classname="demotest.LeadSourceTest" name="navigateToLeadSettings" time="3.501"/>
  <testcase classname="demotest.LeadSourceTest" name="createLeadSource" time="5.43"/>
  <testcase classname="demotest.LeadSourceTest" name="editLeadSource" time="3.881"/>
  <testcase classname="demotest.LeadSourceTest" name="deleteLeadSource" time="2.802"/>
  <testcase classname="Base.base" name="@BeforeSuite initializeDriver" time="0.0">
    <ignored/>
  </testcase> <!-- @BeforeSuite initializeDriver -->
  <testcase classname="Base.base" name="@AfterSuite tearDown" time="0.0">
    <ignored/>
  </testcase> <!-- @AfterSuite tearDown -->
</testsuite> <!-- TestRun -->
