<?xml version="1.0" encoding="UTF-8"?>
<!-- Generated by org.testng.reporters.JUnitXMLReporter -->
<testsuite ignored="2" hostname="Madhav" failures="0" tests="5" name="TestRun" time="23.434" errors="0" timestamp="2025-08-24T17:34:26 IST">
  <testcase classname="demotest.mainlogin" name="loginTest" time="7.253"/>
  <testcase classname="demotest.LeadSourceTest" name="navigateToLeadSettings" time="3.766"/>
  <testcase classname="demotest.LeadSourceTest" name="createLeadSource" time="5.473"/>
  <testcase classname="demotest.LeadSourceTest" name="editLeadSource" time="3.956"/>
  <testcase classname="demotest.LeadSourceTest" name="deleteLeadSource" time="2.887"/>
  <testcase classname="Base.base" name="@BeforeSuite initializeDriver" time="0.0">
    <ignored/>
  </testcase> <!-- @BeforeSuite initializeDriver -->
  <testcase classname="Base.base" name="@AfterSuite tearDown" time="0.0">
    <ignored/>
  </testcase> <!-- @AfterSuite tearDown -->
</testsuite> <!-- TestRun -->
