<?xml version="1.0" encoding="UTF-8"?>
<testng-results ignored="0" total="5" passed="5" failed="0" skipped="0">
  <reporter-output>
  </reporter-output>
  <suite started-at="2025-08-24T17:34:03 IST" name="MyTestSuite" finished-at="2025-08-24T17:34:26 IST" duration-ms="23434">
    <groups>
    </groups>
    <test started-at="2025-08-24T17:34:03 IST" name="TestRun" finished-at="2025-08-24T17:34:26 IST" duration-ms="23434">
      <class name="demotest.LeadSourceTest">
        <test-method signature="navigateToLeadSettings()[pri:2, instance:demotest.LeadSourceTest@2002fc1d]" started-at="2025-08-24T17:34:10 IST" name="navigateToLeadSettings" finished-at="2025-08-24T17:34:14 IST" duration-ms="3766" status="PASS">
          <reporter-output>
          </reporter-output>
        </test-method> <!-- navigateToLeadSettings -->
        <test-method signature="createLeadSource()[pri:3, instance:demotest.LeadSourceTest@2002fc1d]" started-at="2025-08-24T17:34:14 IST" name="createLeadSource" finished-at="2025-08-24T17:34:19 IST" duration-ms="5473" status="PASS">
          <reporter-output>
          </reporter-output>
        </test-method> <!-- createLeadSource -->
        <test-method signature="editLeadSource()[pri:4, instance:demotest.LeadSourceTest@2002fc1d]" started-at="2025-08-24T17:34:19 IST" name="editLeadSource" finished-at="2025-08-24T17:34:23 IST" duration-ms="3956" status="PASS">
          <reporter-output>
          </reporter-output>
        </test-method> <!-- editLeadSource -->
        <test-method signature="deleteLeadSource()[pri:5, instance:demotest.LeadSourceTest@2002fc1d]" started-at="2025-08-24T17:34:23 IST" name="deleteLeadSource" finished-at="2025-08-24T17:34:26 IST" duration-ms="2887" status="PASS">
          <reporter-output>
          </reporter-output>
        </test-method> <!-- deleteLeadSource -->
      </class> <!-- demotest.LeadSourceTest -->
      <class name="demotest.mainlogin">
        <test-method is-config="true" signature="initializeDriver()[pri:0, instance:demotest.mainlogin@23348b5d]" started-at="2025-08-24T17:34:00 IST" name="initializeDriver" finished-at="2025-08-24T17:34:03 IST" duration-ms="2991" status="PASS">
          <reporter-output>
          </reporter-output>
        </test-method> <!-- initializeDriver -->
        <test-method signature="loginTest()[pri:1, instance:demotest.mainlogin@23348b5d]" started-at="2025-08-24T17:34:03 IST" name="loginTest" finished-at="2025-08-24T17:34:10 IST" duration-ms="7253" status="PASS">
          <reporter-output>
          </reporter-output>
        </test-method> <!-- loginTest -->
        <test-method is-config="true" signature="tearDown()[pri:0, instance:demotest.mainlogin@23348b5d]" started-at="2025-08-24T17:34:26 IST" name="tearDown" finished-at="2025-08-24T17:34:27 IST" duration-ms="694" status="PASS">
          <reporter-output>
          </reporter-output>
        </test-method> <!-- tearDown -->
      </class> <!-- demotest.mainlogin -->
    </test> <!-- TestRun -->
  </suite> <!-- MyTestSuite -->
</testng-results>
