<?xml version="1.0" encoding="UTF-8"?>
<testng-results ignored="0" total="5" passed="5" failed="0" skipped="0">
  <reporter-output>
  </reporter-output>
  <suite started-at="2025-08-24T15:18:37 IST" name="MyTestSuite" finished-at="2025-08-24T15:19:00 IST" duration-ms="22990">
    <groups>
    </groups>
    <test started-at="2025-08-24T15:18:37 IST" name="TestRun" finished-at="2025-08-24T15:19:00 IST" duration-ms="22990">
      <class name="demotest.LeadSourceTest">
        <test-method signature="navigateToLeadSettings()[pri:2, instance:demotest.LeadSourceTest@2002fc1d]" started-at="2025-08-24T15:18:44 IST" name="navigateToLeadSettings" finished-at="2025-08-24T15:18:48 IST" duration-ms="3544" status="PASS">
          <reporter-output>
          </reporter-output>
        </test-method> <!-- navigateToLeadSettings -->
        <test-method signature="createLeadSource()[pri:3, instance:demotest.LeadSourceTest@2002fc1d]" started-at="2025-08-24T15:18:48 IST" name="createLeadSource" finished-at="2025-08-24T15:18:53 IST" duration-ms="5419" status="PASS">
          <reporter-output>
          </reporter-output>
        </test-method> <!-- createLeadSource -->
        <test-method signature="editLeadSource()[pri:4, instance:demotest.LeadSourceTest@2002fc1d]" started-at="2025-08-24T15:18:53 IST" name="editLeadSource" finished-at="2025-08-24T15:18:58 IST" duration-ms="4393" status="PASS">
          <reporter-output>
          </reporter-output>
        </test-method> <!-- editLeadSource -->
        <test-method signature="deleteLeadSource()[pri:5, instance:demotest.LeadSourceTest@2002fc1d]" started-at="2025-08-24T15:18:58 IST" name="deleteLeadSource" finished-at="2025-08-24T15:19:00 IST" duration-ms="2799" status="PASS">
          <reporter-output>
          </reporter-output>
        </test-method> <!-- deleteLeadSource -->
      </class> <!-- demotest.LeadSourceTest -->
      <class name="demotest.mainlogin">
        <test-method is-config="true" signature="initializeDriver()[pri:0, instance:demotest.mainlogin@23348b5d]" started-at="2025-08-24T15:18:35 IST" name="initializeDriver" finished-at="2025-08-24T15:18:37 IST" duration-ms="2020" status="PASS">
          <reporter-output>
          </reporter-output>
        </test-method> <!-- initializeDriver -->
        <test-method signature="loginTest()[pri:1, instance:demotest.mainlogin@23348b5d]" started-at="2025-08-24T15:18:38 IST" name="loginTest" finished-at="2025-08-24T15:18:44 IST" duration-ms="6764" status="PASS">
          <reporter-output>
          </reporter-output>
        </test-method> <!-- loginTest -->
        <test-method is-config="true" signature="tearDown()[pri:0, instance:demotest.mainlogin@23348b5d]" started-at="2025-08-24T15:19:00 IST" name="tearDown" finished-at="2025-08-24T15:19:01 IST" duration-ms="396" status="PASS">
          <reporter-output>
          </reporter-output>
        </test-method> <!-- tearDown -->
      </class> <!-- demotest.mainlogin -->
    </test> <!-- TestRun -->
  </suite> <!-- MyTestSuite -->
</testng-results>
